mode: set
BIGINT/bigInt/bigint.go:20.37,23.11 3 1
BIGINT/bigInt/bigint.go:26.2,26.50 1 1
BIGINT/bigInt/bigint.go:29.2,29.33 1 1
BIGINT/bigInt/bigint.go:33.2,33.30 1 1
BIGINT/bigInt/bigint.go:37.2,37.12 1 1
BIGINT/bigInt/bigint.go:23.11,25.3 1 1
BIGINT/bigInt/bigint.go:26.50,28.3 1 1
BIGINT/bigInt/bigint.go:29.33,32.3 2 1
BIGINT/bigInt/bigint.go:33.30,35.3 1 1
BIGINT/bigInt/bigint.go:40.41,44.42 3 1
BIGINT/bigInt/bigint.go:47.2,47.8 1 1
BIGINT/bigInt/bigint.go:50.2,52.32 2 1
BIGINT/bigInt/bigint.go:44.42,46.3 1 0
BIGINT/bigInt/bigint.go:47.8,49.3 1 0
BIGINT/bigInt/bigint.go:56.43,58.72 1 1
BIGINT/bigInt/bigint.go:58.72,60.3 1 0
BIGINT/bigInt/bigint.go:60.8,62.3 1 1
BIGINT/bigInt/bigint.go:66.40,70.42 3 0
BIGINT/bigInt/bigint.go:74.2,74.8 1 0
BIGINT/bigInt/bigint.go:77.2,78.12 2 0
BIGINT/bigInt/bigint.go:70.42,72.3 1 0
BIGINT/bigInt/bigint.go:74.8,76.3 1 0
BIGINT/bigInt/bigint.go:80.45,83.21 2 1
BIGINT/bigInt/bigint.go:99.2,99.15 1 1
BIGINT/bigInt/bigint.go:83.21,85.3 1 1
BIGINT/bigInt/bigint.go:85.8,85.28 1 1
BIGINT/bigInt/bigint.go:85.28,87.3 1 0
BIGINT/bigInt/bigint.go:87.8,88.31 1 1
BIGINT/bigInt/bigint.go:88.31,89.29 1 1
BIGINT/bigInt/bigint.go:89.29,91.10 2 1
BIGINT/bigInt/bigint.go:93.10,93.36 1 0
BIGINT/bigInt/bigint.go:93.36,95.10 2 0
BIGINT/bigInt/bigint.go:103.30,115.56 11 1
BIGINT/bigInt/bigint.go:119.2,119.92 1 1
BIGINT/bigInt/bigint.go:123.2,123.93 1 1
BIGINT/bigInt/bigint.go:127.2,127.92 1 1
BIGINT/bigInt/bigint.go:131.2,131.92 1 1
BIGINT/bigInt/bigint.go:141.2,141.30 1 1
BIGINT/bigInt/bigint.go:115.56,118.3 1 1
BIGINT/bigInt/bigint.go:119.92,122.3 1 0
BIGINT/bigInt/bigint.go:123.93,126.3 1 0
BIGINT/bigInt/bigint.go:127.92,130.3 1 0
BIGINT/bigInt/bigint.go:131.92,134.3 1 0
BIGINT/bigInt/bigint.go:134.8,134.63 1 1
BIGINT/bigInt/bigint.go:134.63,137.3 1 1
BIGINT/bigInt/bigint.go:137.8,137.63 1 0
BIGINT/bigInt/bigint.go:137.63,139.3 1 0
BIGINT/bigInt/bigint.go:143.30,150.17 5 1
BIGINT/bigInt/bigint.go:156.2,156.17 1 1
BIGINT/bigInt/bigint.go:161.2,166.38 6 1
BIGINT/bigInt/bigint.go:180.2,180.16 1 1
BIGINT/bigInt/bigint.go:184.2,184.15 1 1
BIGINT/bigInt/bigint.go:150.17,151.33 1 1
BIGINT/bigInt/bigint.go:151.33,153.4 1 1
BIGINT/bigInt/bigint.go:156.17,157.33 1 1
BIGINT/bigInt/bigint.go:157.33,159.4 1 1
BIGINT/bigInt/bigint.go:166.38,171.19 5 1
BIGINT/bigInt/bigint.go:171.19,175.4 2 1
BIGINT/bigInt/bigint.go:175.9,178.4 2 1
BIGINT/bigInt/bigint.go:180.16,182.3 1 1
BIGINT/bigInt/bigint.go:189.30,205.93 11 1
BIGINT/bigInt/bigint.go:223.2,223.30 1 1
BIGINT/bigInt/bigint.go:205.93,208.3 1 0
BIGINT/bigInt/bigint.go:208.8,208.99 1 1
BIGINT/bigInt/bigint.go:208.99,212.3 1 1
BIGINT/bigInt/bigint.go:212.8,212.63 1 1
BIGINT/bigInt/bigint.go:212.63,215.3 1 1
BIGINT/bigInt/bigint.go:215.8,215.100 1 1
BIGINT/bigInt/bigint.go:215.100,217.3 1 0
BIGINT/bigInt/bigint.go:217.8,217.99 1 1
BIGINT/bigInt/bigint.go:217.99,219.3 1 1
BIGINT/bigInt/bigint.go:219.8,219.99 1 1
BIGINT/bigInt/bigint.go:219.99,221.3 1 1
BIGINT/bigInt/bigint.go:227.30,233.17 4 1
BIGINT/bigInt/bigint.go:239.2,239.17 1 1
BIGINT/bigInt/bigint.go:244.2,248.35 5 1
BIGINT/bigInt/bigint.go:260.2,260.15 1 1
BIGINT/bigInt/bigint.go:233.17,234.33 1 0
BIGINT/bigInt/bigint.go:234.33,236.4 1 0
BIGINT/bigInt/bigint.go:239.17,240.33 1 0
BIGINT/bigInt/bigint.go:240.33,242.4 1 0
BIGINT/bigInt/bigint.go:248.35,251.22 3 1
BIGINT/bigInt/bigint.go:258.3,258.41 1 1
BIGINT/bigInt/bigint.go:251.22,253.4 1 1
BIGINT/bigInt/bigint.go:253.9,253.28 1 0
BIGINT/bigInt/bigint.go:253.28,257.4 3 0
BIGINT/bigInt/bigint.go:264.35,270.2 4 1
BIGINT/bigInt/bigint.go:273.30,279.2 4 1
BIGINT/bigInt/bigint.go:282.30,283.23 1 0
BIGINT/bigInt/bigint.go:288.2,288.23 1 0
BIGINT/bigInt/bigint.go:293.2,295.3 1 0
BIGINT/bigInt/bigint.go:283.23,287.3 1 0
BIGINT/bigInt/bigint.go:288.23,292.3 1 0
BIGINT/bigInt/bigint.go:299.41,300.19 1 1
BIGINT/bigInt/bigint.go:305.2,305.11 1 0
BIGINT/bigInt/bigint.go:300.19,301.12 1 1
BIGINT/bigInt/bigint.go:301.12,303.4 1 1
